{
  "RSpec": {
    "coverage": {
      "/Users/adamlodowski/Documents/Makers/projects/Week9/bank_tech_test/spec/account_spec.rb": [
        1,
        null,
        1,
        3,
        null,
        null,
        1,
        1,
        null,
        null,
        1,
        1,
        null,
        null,
        1,
        1,
        null,
        null,
        null
      ],
      "/Users/adamlodowski/Documents/Makers/projects/Week9/bank_tech_test/spec/feature_spec.rb": [
        1,
        1,
        3,
        3,
        null,
        null,
        1,
        1,
        null,
        null,
        1,
        1,
        1,
        null,
        null,
        1,
        1,
        1,
        1,
        1,
        1,
        null,
        null,
        null,
        null
      ],
      "/Users/adamlodowski/Documents/Makers/projects/Week9/bank_tech_test/spec/transaction_history_spec.rb": [
        1,
        null,
        1,
        2,
        2,
        2,
        null,
        null,
        1,
        1,
        1,
        null,
        null,
        1,
        1,
        1,
        null,
        null
      ],
      "/Users/adamlodowski/Documents/Makers/projects/Week9/bank_tech_test/spec/transaction_spec.rb": [
        1,
        null,
        1,
        null,
        1,
        3,
        null,
        null,
        1,
        1,
        null,
        null,
        1,
        1,
        null,
        null,
        1,
        1,
        null,
        null,
        null
      ]
    },
    "timestamp": 1549901970
  }
}
