{
  "RSpec": {
    "coverage": {
      "/Users/adamlodowski/Documents/Makers/projects/Week9/bank_tech_test/spec/account_spec.rb": [
        1,
        null,
        1,
        null,
        1,
        3,
        null,
        null,
        1,
        2,
        null,
        null,
        1,
        2,
        null,
        null,
        1,
        2,
        null,
        null
      ],
      "/Users/adamlodowski/Documents/Makers/projects/Week9/bank_tech_test/lib/account.rb": [
        1,
        1,
        null,
        1,
        1,
        7,
        7,
        null,
        null,
        1,
        6,
        6,
        null,
        6,
        null,
        null,
        1,
        3,
        3,
        null,
        3,
        null,
        null,
        1,
        4,
        4,
        null,
        null
      ],
      "/Users/adamlodowski/Documents/Makers/projects/Week9/bank_tech_test/lib/transaction.rb": [
        1,
        null,
        1,
        null,
        1,
        15,
        15,
        15,
        15,
        null,
        null,
        1,
        7,
        null,
        null,
        1,
        7,
        null,
        null
      ],
      "/Users/adamlodowski/Documents/Makers/projects/Week9/bank_tech_test/lib/transactionhistory.rb": [
        1,
        null,
        1,
        null,
        1,
        0,
        null,
        null,
        1,
        0,
        null,
        null,
        1,
        0,
        0,
        0,
        null,
        0,
        null,
        null
      ],
      "/Users/adamlodowski/Documents/Makers/projects/Week9/bank_tech_test/spec/feature_spec.rb": [
        1,
        null,
        1,
        1,
        3,
        3,
        null,
        null,
        1,
        2,
        null,
        null,
        1,
        1,
        null,
        2,
        null,
        null,
        1,
        1,
        1,
        1,
        1,
        2,
        null,
        null,
        null
      ],
      "/Users/adamlodowski/Documents/Makers/projects/Week9/bank_tech_test/spec/transaction_history_spec.rb": [
        1,
        null,
        1,
        null,
        3,
        null,
        1,
        2,
        2,
        2,
        2,
        null,
        null,
        1,
        2,
        2,
        null,
        null,
        1,
        1,
        1,
        null,
        null,
        1,
        1,
        1,
        null,
        null,
        null
      ],
      "/Users/adamlodowski/Documents/Makers/projects/Week9/bank_tech_test/lib/TransactionHistory.rb": [
        1,
        null,
        1,
        null,
        1,
        9,
        null,
        null,
        1,
        11,
        null,
        null,
        1,
        5,
        5,
        7,
        null,
        5,
        null,
        null
      ],
      "/Users/adamlodowski/Documents/Makers/projects/Week9/bank_tech_test/spec/transaction_spec.rb": [
        1,
        null,
        1,
        null,
        1,
        null,
        1,
        4,
        null,
        null,
        1,
        1,
        null,
        null,
        1,
        1,
        null,
        null,
        1,
        1,
        null,
        null,
        1,
        1,
        null,
        null,
        null,
        1,
        1,
        1,
        null,
        null,
        1,
        1,
        1,
        null,
        null
      ]
    },
    "timestamp": 1550157244
  }
}
